<?xml version="1.0" encoding="UTF-8"?>
<testng-results skipped="0" failed="0" total="9" passed="9">
  <reporter-output>
  </reporter-output>
  <suite name="Command line suite" duration-ms="921" started-at="2013-07-09T23:57:22Z" finished-at="2013-07-09T23:57:23Z">
    <groups>
    </groups>
    <test name="Command line test" duration-ms="921" started-at="2013-07-09T23:57:22Z" finished-at="2013-07-09T23:57:23Z">
      <class name="com.oceantech.koolping.controller.ProfileControllerTest">
        <test-method status="PASS" signature="setup()" name="setup" is-config="true" duration-ms="21" started-at="2013-07-09T23:57:23Z" finished-at="2013-07-09T23:57:23Z">
        </test-method>
        <test-method status="PASS" signature="shouldShowProfilePage()" name="shouldShowProfilePage" duration-ms="13" started-at="2013-07-09T23:57:23Z" finished-at="2013-07-09T23:57:23Z">
        </test-method>
      </class>
      <class name="com.oceantech.koolping.command.UserCommandTest">
        <test-method status="PASS" signature="shouldConvertToUser()" name="shouldConvertToUser" duration-ms="26" started-at="2013-07-09T23:57:22Z" finished-at="2013-07-09T23:57:22Z">
        </test-method>
        <test-method status="PASS" signature="shouldThrowIllegalArgumentExceptionIfEmailIsNotValid()" name="shouldThrowIllegalArgumentExceptionIfEmailIsNotValid" duration-ms="4" started-at="2013-07-09T23:57:22Z" finished-at="2013-07-09T23:57:22Z">
          <exception class="java.lang.IllegalArgumentException">
            <message>
              <![CDATA[Email address format is not valid.]]>
            </message>
            <full-stacktrace>
              <![CDATA[java.lang.IllegalArgumentException: Email address format is not valid.
	at com.oceantech.koolping.domain.model.Email.setAddress(Email.java:39)
	at com.oceantech.koolping.domain.model.Email.<init>(Email.java:21)
	at com.oceantech.koolping.command.UserCommand.convertToUser(UserCommand.java:108)
	at com.oceantech.koolping.command.UserCommandTest.shouldThrowIllegalArgumentExceptionIfEmailIsNotValid(UserCommandTest.java:37)
	at sun.reflect.NativeMethodAccessorImpl.invoke0(Native Method)
	at sun.reflect.NativeMethodAccessorImpl.invoke(NativeMethodAccessorImpl.java:57)
	at sun.reflect.DelegatingMethodAccessorImpl.invoke(DelegatingMethodAccessorImpl.java:43)
	at java.lang.reflect.Method.invoke(Method.java:601)
	at org.testng.internal.MethodInvocationHelper.invokeMethod(MethodInvocationHelper.java:80)
	at org.testng.internal.Invoker.invokeMethod(Invoker.java:673)
	at org.testng.internal.Invoker.invokeTestMethod(Invoker.java:842)
	at org.testng.internal.Invoker.invokeTestMethods(Invoker.java:1166)
	at org.testng.internal.TestMethodWorker.invokeTestMethods(TestMethodWorker.java:125)
	at org.testng.internal.TestMethodWorker.run(TestMethodWorker.java:109)
	at org.testng.TestRunner.runWorkers(TestRunner.java:1178)
	at org.testng.TestRunner.privateRun(TestRunner.java:757)
	at org.testng.TestRunner.run(TestRunner.java:608)
	at org.testng.SuiteRunner.runTest(SuiteRunner.java:334)
	at org.testng.SuiteRunner.runSequentially(SuiteRunner.java:329)
	at org.testng.SuiteRunner.privateRun(SuiteRunner.java:291)
	at org.testng.SuiteRunner.run(SuiteRunner.java:240)
	at org.testng.SuiteRunnerWorker.runSuite(SuiteRunnerWorker.java:52)
	at org.testng.SuiteRunnerWorker.run(SuiteRunnerWorker.java:86)
	at org.testng.TestNG.runSuitesSequentially(TestNG.java:1158)
	at org.testng.TestNG.runSuitesLocally(TestNG.java:1083)
	at org.testng.TestNG.run(TestNG.java:999)
	at org.apache.maven.surefire.testng.TestNGExecutor.run(TestNGExecutor.java:62)
	at org.apache.maven.surefire.testng.TestNGDirectoryTestSuite.execute(TestNGDirectoryTestSuite.java:141)
	at org.apache.maven.surefire.Surefire.run(Surefire.java:177)
	at sun.reflect.NativeMethodAccessorImpl.invoke0(Native Method)
	at sun.reflect.NativeMethodAccessorImpl.invoke(NativeMethodAccessorImpl.java:57)
	at sun.reflect.DelegatingMethodAccessorImpl.invoke(DelegatingMethodAccessorImpl.java:43)
	at java.lang.reflect.Method.invoke(Method.java:601)
	at org.apache.maven.surefire.booter.SurefireBooter.runSuitesInProcess(SurefireBooter.java:345)
	at org.apache.maven.surefire.booter.SurefireBooter.main(SurefireBooter.java:1009)
]]>
            </full-stacktrace>
          </exception>
        </test-method>
      </class>
      <class name="com.oceantech.koolping.controller.RegistrationControllerTest">
        <test-method status="PASS" signature="setup()" name="setup" is-config="true" duration-ms="41" started-at="2013-07-09T23:57:23Z" finished-at="2013-07-09T23:57:23Z">
        </test-method>
        <test-method status="PASS" signature="shouldFailToRegisterUserWhenValidationErrorOccurs()" name="shouldFailToRegisterUserWhenValidationErrorOccurs" duration-ms="31" started-at="2013-07-09T23:57:23Z" finished-at="2013-07-09T23:57:23Z">
        </test-method>
        <test-method status="PASS" signature="setup()" name="setup" is-config="true" duration-ms="39" started-at="2013-07-09T23:57:23Z" finished-at="2013-07-09T23:57:23Z">
        </test-method>
        <test-method status="PASS" signature="shouldRegisterUser()" name="shouldRegisterUser" duration-ms="10" started-at="2013-07-09T23:57:23Z" finished-at="2013-07-09T23:57:23Z">
        </test-method>
      </class>
      <class name="com.oceantech.koolping.controller.IndexControllerTest">
        <test-method status="PASS" signature="setup()" name="setup" is-config="true" duration-ms="23" started-at="2013-07-09T23:57:23Z" finished-at="2013-07-09T23:57:23Z">
        </test-method>
        <test-method status="PASS" signature="shouldShowIndexPage()" name="shouldShowIndexPage" duration-ms="1" started-at="2013-07-09T23:57:23Z" finished-at="2013-07-09T23:57:23Z">
        </test-method>
      </class>
      <class name="com.oceantech.koolping.controller.LoginControllerTest">
        <test-method status="PASS" signature="setup()" name="setup" is-config="true" duration-ms="46" started-at="2013-07-09T23:57:23Z" finished-at="2013-07-09T23:57:23Z">
        </test-method>
        <test-method status="PASS" signature="shouldShowLoginPage()" name="shouldShowLoginPage" duration-ms="4" started-at="2013-07-09T23:57:23Z" finished-at="2013-07-09T23:57:23Z">
        </test-method>
        <test-method status="PASS" signature="setup()" name="setup" is-config="true" duration-ms="19" started-at="2013-07-09T23:57:23Z" finished-at="2013-07-09T23:57:23Z">
        </test-method>
        <test-method status="PASS" signature="shouldShowLoginPageWithErrorMessage()" name="shouldShowLoginPageWithErrorMessage" duration-ms="2" started-at="2013-07-09T23:57:23Z" finished-at="2013-07-09T23:57:23Z">
        </test-method>
      </class>
      <class name="com.oceantech.koolping.controller.HomeControllerTest">
        <test-method status="PASS" signature="setup()" name="setup" is-config="true" duration-ms="573" started-at="2013-07-09T23:57:22Z" finished-at="2013-07-09T23:57:23Z">
        </test-method>
        <test-method status="PASS" signature="shouldShowHomePage()" name="shouldShowHomePage" duration-ms="56" started-at="2013-07-09T23:57:23Z" finished-at="2013-07-09T23:57:23Z">
        </test-method>
      </class>
    </test>
  </suite>
</testng-results>
