<?xml version="1.0" encoding="UTF-8" ?>
<testsuite failures="0" time="2.574" errors="0" skipped="0" tests="16" name="TestSuite">
  <properties>
[...]
</properties>
  <testcase time="0.008" classname="com.oceantech.koolping.domain.model.EmailTest" name="shouldSetEmailAddressWhenValidAddressIsPassed"/>
  <testcase time="0" classname="com.oceantech.koolping.domain.model.EmailTest" name="shouldThrowIllegalArgumentExceptionWhenInvalidAddressIsPassed"/>
  <testcase time="0" classname="com.oceantech.koolping.domain.model.EmailTest" name="shouldThrowIllegalArgumentExceptionWhenInvalidAddressIsPassed"/>
  <testcase time="0" classname="com.oceantech.koolping.domain.model.EmailTest" name="shouldThrowIllegalArgumentExceptionWhenInvalidAddressIsPassed"/>
  <testcase time="0" classname="com.oceantech.koolping.domain.model.EmailTest" name="shouldThrowIllegalArgumentExceptionWhenInvalidAddressIsPassed"/>
  <testcase time="0.001" classname="com.oceantech.koolping.domain.model.UserIdTest" name="shouldCreateUserIdWhenValidDataIsPassed"/>
  <testcase time="0" classname="com.oceantech.koolping.domain.model.UserIdTest" name="shouldThrowIllegalArgumentExceptionWhenInvalidDataIsPassed"/>
  <testcase time="0.001" classname="com.oceantech.koolping.domain.model.UserIdTest" name="shouldThrowIllegalArgumentExceptionWhenInvalidDataIsPassed"/>
  <testcase time="0" classname="com.oceantech.koolping.domain.model.UserIdTest" name="shouldThrowIllegalArgumentExceptionWhenInvalidDataIsPassed"/>
  <testcase time="0" classname="com.oceantech.koolping.infrastructure.persistence.UserIdRepositoryTest" name="shouldGenerateNextIdentity"/>
  <testcase time="0.128" classname="com.oceantech.koolping.infrastructure.persistence.UserRepositoryIntegrationTest" name="shouldFindAllUsers"/>
  <testcase time="0.004" classname="com.oceantech.koolping.infrastructure.persistence.UserRepositoryIntegrationTest" name="shouldFindById"/>
  <testcase time="0.037" classname="com.oceantech.koolping.infrastructure.persistence.UserRepositoryIntegrationTest" name="shouldFindByUserId"/>
  <testcase time="0.032" classname="com.oceantech.koolping.infrastructure.persistence.UserRepositoryIntegrationTest" name="shouldFindByUsername"/>
  <testcase time="0.005" classname="com.oceantech.koolping.infrastructure.persistence.UserRepositoryIntegrationTest" name="shouldSaveUser"/>
  <testcase time="0.004" classname="com.oceantech.koolping.infrastructure.persistence.UserRolesRepositoryIntegrationTest" name="shouldSaveUserRoles"/>
</testsuite>