<?xml version="1.0" encoding="UTF-8"?>
<testsuite hostname="pc-PC" name="com.oceantech.koolping.domain.model.EmailTest" tests="16" failures="0" timestamp="9 Jul 2013 22:41:31 GMT" time="2.06" errors="0">
  <testcase name="shouldSetEmailAddressWhenValidAddressIsPassed" time="0.008" classname="com.oceantech.koolping.domain.model.EmailTest"/>
  <testcase name="shouldThrowIllegalArgumentExceptionWhenInvalidAddressIsPassed" time="0.0" classname="com.oceantech.koolping.domain.model.EmailTest"/>
  <testcase name="shouldThrowIllegalArgumentExceptionWhenInvalidAddressIsPassed" time="0.0" classname="com.oceantech.koolping.domain.model.EmailTest"/>
  <testcase name="shouldThrowIllegalArgumentExceptionWhenInvalidAddressIsPassed" time="0.0" classname="com.oceantech.koolping.domain.model.EmailTest"/>
  <testcase name="shouldThrowIllegalArgumentExceptionWhenInvalidAddressIsPassed" time="0.001" classname="com.oceantech.koolping.domain.model.EmailTest"/>
  <testcase name="shouldCreateUserIdWhenValidDataIsPassed" time="0.001" classname="com.oceantech.koolping.domain.model.UserIdTest"/>
  <testcase name="shouldThrowIllegalArgumentExceptionWhenInvalidDataIsPassed" time="0.0" classname="com.oceantech.koolping.domain.model.UserIdTest"/>
  <testcase name="shouldThrowIllegalArgumentExceptionWhenInvalidDataIsPassed" time="0.001" classname="com.oceantech.koolping.domain.model.UserIdTest"/>
  <testcase name="shouldThrowIllegalArgumentExceptionWhenInvalidDataIsPassed" time="0.0" classname="com.oceantech.koolping.domain.model.UserIdTest"/>
  <testcase name="shouldGenerateNextIdentity" time="0.001" classname="com.oceantech.koolping.infrastructure.persistence.UserIdRepositoryTest"/>
  <testcase name="shouldFindAllUsers" time="0.128" classname="com.oceantech.koolping.infrastructure.persistence.UserRepositoryIntegrationTest"/>
  <testcase name="shouldFindById" time="0.004" classname="com.oceantech.koolping.infrastructure.persistence.UserRepositoryIntegrationTest"/>
  <testcase name="shouldFindByUserId" time="0.037" classname="com.oceantech.koolping.infrastructure.persistence.UserRepositoryIntegrationTest"/>
  <testcase name="shouldFindByUsername" time="0.032" classname="com.oceantech.koolping.infrastructure.persistence.UserRepositoryIntegrationTest"/>
  <testcase name="shouldSaveUser" time="0.005" classname="com.oceantech.koolping.infrastructure.persistence.UserRepositoryIntegrationTest"/>
  <testcase name="shouldSaveUserRoles" time="0.003" classname="com.oceantech.koolping.infrastructure.persistence.UserRolesRepositoryIntegrationTest"/>
</testsuite>
